5/8/2018 11:13:11 AM にビルドを開始しました。
     1>ノード 2 上のプロジェクト "C:\Users\kazu\Documents\Visual Studio 2015\Projects\COMS\COMS\COMS.vcxproj" (Build ターゲット)。
     1>ClCompile:
         C:\Program Files (x86)\Microsoft Visual Studio 14.0\VC\bin\CL.exe /c /ZI /nologo /W3 /WX- /Od /Oy- /D WIN32 /D _DEBUG /D _WINDOWS /D _MBCS /Gm /EHsc /RTC1 /MTd /GS /fp:precise /Zc:wchar_t /Zc:forScope /Zc:inline /Fo"Debug\\" /Fd"Debug\vc140.pdb" /Gd /TP /analyze- /errorReport:prompt game.cpp
         game.cpp
       Link:
         C:\Program Files (x86)\Microsoft Visual Studio 14.0\VC\bin\link.exe /ERRORREPORT:PROMPT /OUT:"C:\Users\kazu\Documents\Visual Studio 2015\Projects\COMS\Debug\COMS.exe" /INCREMENTAL /NOLOGO kernel32.lib user32.lib gdi32.lib winspool.lib comdlg32.lib advapi32.lib shell32.lib ole32.lib oleaut32.lib uuid.lib odbc32.lib odbccp32.lib /MANIFEST /MANIFESTUAC:"level='asInvoker' uiAccess='false'" /manifest:embed /Debug /PDB:"C:\Users\kazu\Documents\Visual Studio 2015\Projects\COMS\Debug\COMS.pdb" /SUBSYSTEM:WINDOWS /TLBID:1 /DYNAMICBASE /NXCOMPAT /IMPLIB:"C:\Users\kazu\Documents\Visual Studio 2015\Projects\COMS\Debug\COMS.lib" /MACHINE:X86 Debug\DBD.obj
         Debug\fade.obj
         "Debug\game BG.obj"
         Debug\game.obj
         Debug\input.obj
         Debug\main.obj
         "Debug\result BG.obj"
         Debug\result.obj
         "Debug\title BG.obj"
         Debug\title.obj
         COMS.vcxproj -> C:\Users\kazu\Documents\Visual Studio 2015\Projects\COMS\Debug\COMS.exe
     1>プロジェクト "C:\Users\kazu\Documents\Visual Studio 2015\Projects\COMS\COMS\COMS.vcxproj" (Build ターゲット) のビルドが完了しました。

ビルドに成功しました。

経過時間 00:00:01.37
