c:\users\fujita.kosuke\documents\visual studio 2015\projects\gm23\20180510_new_自分用\gp12projects\coms\coms\debug\vc140.pdb
c:\users\fujita.kosuke\documents\visual studio 2015\projects\gm23\20180510_new_自分用\gp12projects\coms\coms\debug\vc140.idb
c:\users\fujita.kosuke\documents\visual studio 2015\projects\gm23\20180510_new_自分用\gp12projects\coms\coms\debug\bg.obj
c:\users\fujita.kosuke\documents\visual studio 2015\projects\gm23\20180510_new_自分用\gp12projects\coms\coms\debug\dbd.obj
c:\users\fujita.kosuke\documents\visual studio 2015\projects\gm23\20180510_new_自分用\gp12projects\coms\coms\debug\debugproc.obj
c:\users\fujita.kosuke\documents\visual studio 2015\projects\gm23\20180510_new_自分用\gp12projects\coms\coms\debug\event.obj
c:\users\fujita.kosuke\documents\visual studio 2015\projects\gm23\20180510_new_自分用\gp12projects\coms\coms\debug\fade.obj
c:\users\fujita.kosuke\documents\visual studio 2015\projects\gm23\20180510_new_自分用\gp12projects\coms\coms\debug\game bg.obj
c:\users\fujita.kosuke\documents\visual studio 2015\projects\gm23\20180510_new_自分用\gp12projects\coms\coms\debug\game.obj
c:\users\fujita.kosuke\documents\visual studio 2015\projects\gm23\20180510_new_自分用\gp12projects\coms\coms\debug\input.obj
c:\users\fujita.kosuke\documents\visual studio 2015\projects\gm23\20180510_new_自分用\gp12projects\coms\coms\debug\main.obj
c:\users\fujita.kosuke\documents\visual studio 2015\projects\gm23\20180510_new_自分用\gp12projects\coms\coms\debug\player.obj
c:\users\fujita.kosuke\documents\visual studio 2015\projects\gm23\20180510_new_自分用\gp12projects\coms\coms\debug\raival.obj
c:\users\fujita.kosuke\documents\visual studio 2015\projects\gm23\20180510_new_自分用\gp12projects\coms\coms\debug\result bg.obj
c:\users\fujita.kosuke\documents\visual studio 2015\projects\gm23\20180510_new_自分用\gp12projects\coms\coms\debug\result.obj
c:\users\fujita.kosuke\documents\visual studio 2015\projects\gm23\20180510_new_自分用\gp12projects\coms\coms\debug\schedule.obj
c:\users\fujita.kosuke\documents\visual studio 2015\projects\gm23\20180510_new_自分用\gp12projects\coms\coms\debug\text.obj
c:\users\fujita.kosuke\documents\visual studio 2015\projects\gm23\20180510_new_自分用\gp12projects\coms\coms\debug\terget.obj
c:\users\fujita.kosuke\documents\visual studio 2015\projects\gm23\20180510_new_自分用\gp12projects\coms\coms\debug\title bg.obj
c:\users\fujita.kosuke\documents\visual studio 2015\projects\gm23\20180510_new_自分用\gp12projects\coms\coms\debug\title.obj
c:\users\fujita.kosuke\documents\visual studio 2015\projects\gm23\20180510_new_自分用\gp12projects\coms\coms\debug\weekloop.obj
c:\users\fujita.kosuke\documents\visual studio 2015\projects\gm23\20180510_new_自分用\gp12projects\coms\coms\debug\weekresult.obj
d:\file\github\gp12projects\coms\coms\debug\vc140.pdb
d:\file\github\gp12projects\coms\coms\debug\vc140.idb
d:\file\github\gp12projects\coms\coms\debug\dbd.obj
d:\file\github\gp12projects\coms\coms\debug\debugproc.obj
d:\file\github\gp12projects\coms\coms\debug\event.obj
d:\file\github\gp12projects\coms\coms\debug\fade.obj
d:\file\github\gp12projects\coms\coms\debug\game bg.obj
d:\file\github\gp12projects\coms\coms\debug\game.obj
d:\file\github\gp12projects\coms\coms\debug\input.obj
d:\file\github\gp12projects\coms\coms\debug\main.obj
d:\file\github\gp12projects\coms\coms\debug\player.obj
d:\file\github\gp12projects\coms\coms\debug\result bg.obj
d:\file\github\gp12projects\coms\coms\debug\result.obj
d:\file\github\gp12projects\coms\coms\debug\schedule.obj
d:\file\github\gp12projects\coms\coms\debug\terget.obj
d:\file\github\gp12projects\coms\coms\debug\text box.obj
d:\file\github\gp12projects\coms\coms\debug\text.obj
d:\file\github\gp12projects\coms\coms\debug\title bg.obj
d:\file\github\gp12projects\coms\coms\debug\title.obj
d:\file\github\gp12projects\coms\coms\debug\weekloop.obj
d:\file\github\gp12projects\coms\coms\debug\weekresult.obj
d:\file\github\gp12projects\coms\coms\debug\basic.obj
d:\file\github\gp12projects\coms\coms\debug\bg.obj
d:\file\github\gp12projects\coms\coms\debug\file data.obj
d:\file\github\gp12projects\coms\coms\debug\rival.obj
c:\users\fujita.kosuke\documents\visual studio 2015\projects\gm23\20180510_new_自分用\gp12projects\coms\debug\coms.ilk
c:\users\fujita.kosuke\documents\visual studio 2015\projects\gm23\20180510_new_自分用\gp12projects\coms\debug\coms.exe
c:\users\fujita.kosuke\documents\visual studio 2015\projects\gm23\20180510_new_自分用\gp12projects\coms\debug\coms.pdb
d:\file\github\gp12projects\coms\coms\debug\coms.tlog\cl.command.1.tlog
d:\file\github\gp12projects\coms\coms\debug\coms.tlog\cl.read.1.tlog
d:\file\github\gp12projects\coms\coms\debug\coms.tlog\cl.write.1.tlog
d:\file\github\gp12projects\coms\coms\debug\coms.tlog\link.command.1.tlog
d:\file\github\gp12projects\coms\coms\debug\coms.tlog\link.read.1.tlog
d:\file\github\gp12projects\coms\coms\debug\coms.tlog\link.write.1.tlog
